[2024-12-10T09:05:54.876+0000] {manager.py:483} INFO - Processing files using up to 2 processes at a time 
[2024-12-10T09:05:54.877+0000] {manager.py:484} INFO - Process each file at most once every 30 seconds
[2024-12-10T09:05:54.878+0000] {manager.py:485} INFO - Checking for new files in /opt/airflow/dags every 300 seconds
[2024-12-10T09:05:54.879+0000] {manager.py:821} INFO - Searching for files in /opt/airflow/dags
[2024-12-10T09:05:54.885+0000] {manager.py:824} INFO - There are 0 files in /opt/airflow/dags
[2024-12-10T09:10:55.281+0000] {manager.py:821} INFO - Searching for files in /opt/airflow/dags
[2024-12-10T09:10:55.292+0000] {manager.py:824} INFO - There are 0 files in /opt/airflow/dags
[2024-12-10T09:15:55.591+0000] {manager.py:821} INFO - Searching for files in /opt/airflow/dags
[2024-12-10T09:15:55.601+0000] {manager.py:824} INFO - There are 0 files in /opt/airflow/dags
[2024-12-10T09:20:56.022+0000] {manager.py:821} INFO - Searching for files in /opt/airflow/dags
[2024-12-10T09:20:56.034+0000] {manager.py:824} INFO - There are 0 files in /opt/airflow/dags
[2024-12-10T09:25:56.806+0000] {manager.py:821} INFO - Searching for files in /opt/airflow/dags
[2024-12-10T09:25:56.817+0000] {manager.py:824} INFO - There are 0 files in /opt/airflow/dags
[2024-12-10T09:30:57.008+0000] {manager.py:821} INFO - Searching for files in /opt/airflow/dags
[2024-12-10T09:30:57.021+0000] {manager.py:824} INFO - There are 0 files in /opt/airflow/dags
[2024-12-10T09:35:57.168+0000] {manager.py:821} INFO - Searching for files in /opt/airflow/dags
[2024-12-10T09:35:57.175+0000] {manager.py:824} INFO - There are 0 files in /opt/airflow/dags
[2024-12-10T09:40:57.496+0000] {manager.py:821} INFO - Searching for files in /opt/airflow/dags
[2024-12-10T09:40:57.508+0000] {manager.py:824} INFO - There are 0 files in /opt/airflow/dags
[2024-12-10T09:45:58.160+0000] {manager.py:821} INFO - Searching for files in /opt/airflow/dags
[2024-12-10T09:45:58.172+0000] {manager.py:824} INFO - There are 0 files in /opt/airflow/dags
[2024-12-10T09:50:58.336+0000] {manager.py:821} INFO - Searching for files in /opt/airflow/dags
[2024-12-10T09:50:58.350+0000] {manager.py:824} INFO - There are 0 files in /opt/airflow/dags
[2024-12-10T09:55:58.687+0000] {manager.py:821} INFO - Searching for files in /opt/airflow/dags
[2024-12-10T09:55:58.696+0000] {manager.py:824} INFO - There are 0 files in /opt/airflow/dags
[2024-12-10T10:00:59.442+0000] {manager.py:821} INFO - Searching for files in /opt/airflow/dags
[2024-12-10T10:00:59.447+0000] {manager.py:824} INFO - There are 0 files in /opt/airflow/dags
[2024-12-10T10:06:00.329+0000] {manager.py:821} INFO - Searching for files in /opt/airflow/dags
[2024-12-10T10:06:00.338+0000] {manager.py:824} INFO - There are 0 files in /opt/airflow/dags
[2024-12-10T10:11:00.803+0000] {manager.py:821} INFO - Searching for files in /opt/airflow/dags
[2024-12-10T10:11:00.808+0000] {manager.py:824} INFO - There are 0 files in /opt/airflow/dags
[2024-12-10T10:16:00.813+0000] {manager.py:821} INFO - Searching for files in /opt/airflow/dags
[2024-12-10T10:16:00.826+0000] {manager.py:824} INFO - There are 0 files in /opt/airflow/dags
[2024-12-10T10:21:01.581+0000] {manager.py:821} INFO - Searching for files in /opt/airflow/dags
[2024-12-10T10:21:01.590+0000] {manager.py:824} INFO - There are 0 files in /opt/airflow/dags
[2024-12-10T10:26:01.844+0000] {manager.py:821} INFO - Searching for files in /opt/airflow/dags
[2024-12-10T10:26:01.852+0000] {manager.py:824} INFO - There are 0 files in /opt/airflow/dags
[2024-12-10T10:31:01.986+0000] {manager.py:821} INFO - Searching for files in /opt/airflow/dags
[2024-12-10T10:31:01.996+0000] {manager.py:824} INFO - There are 0 files in /opt/airflow/dags
[2024-12-10T10:36:02.050+0000] {manager.py:821} INFO - Searching for files in /opt/airflow/dags
[2024-12-10T10:36:02.059+0000] {manager.py:824} INFO - There are 0 files in /opt/airflow/dags
[2024-12-10T10:41:02.289+0000] {manager.py:821} INFO - Searching for files in /opt/airflow/dags
[2024-12-10T10:41:02.298+0000] {manager.py:824} INFO - There are 0 files in /opt/airflow/dags
[2024-12-10T10:46:02.320+0000] {manager.py:821} INFO - Searching for files in /opt/airflow/dags
[2024-12-10T10:46:02.327+0000] {manager.py:824} INFO - There are 0 files in /opt/airflow/dags
[2024-12-10T10:51:03.040+0000] {manager.py:821} INFO - Searching for files in /opt/airflow/dags
[2024-12-10T10:51:03.052+0000] {manager.py:824} INFO - There are 0 files in /opt/airflow/dags
[2024-12-10T10:56:03.082+0000] {manager.py:821} INFO - Searching for files in /opt/airflow/dags
[2024-12-10T10:56:03.091+0000] {manager.py:824} INFO - There are 0 files in /opt/airflow/dags
[2024-12-10T11:01:03.824+0000] {manager.py:821} INFO - Searching for files in /opt/airflow/dags
[2024-12-10T11:01:03.830+0000] {manager.py:824} INFO - There are 0 files in /opt/airflow/dags
[2024-12-10T11:06:04.789+0000] {manager.py:821} INFO - Searching for files in /opt/airflow/dags
[2024-12-10T11:06:04.794+0000] {manager.py:824} INFO - There are 0 files in /opt/airflow/dags
[2024-12-10T11:11:05.593+0000] {manager.py:821} INFO - Searching for files in /opt/airflow/dags
[2024-12-10T11:11:05.601+0000] {manager.py:824} INFO - There are 0 files in /opt/airflow/dags
[2024-12-10T11:16:06.440+0000] {manager.py:821} INFO - Searching for files in /opt/airflow/dags
[2024-12-10T11:16:06.468+0000] {manager.py:824} INFO - There are 0 files in /opt/airflow/dags
[2024-12-10T11:21:07.292+0000] {manager.py:821} INFO - Searching for files in /opt/airflow/dags
[2024-12-10T11:21:07.302+0000] {manager.py:824} INFO - There are 0 files in /opt/airflow/dags
[2024-12-10T11:26:08.104+0000] {manager.py:821} INFO - Searching for files in /opt/airflow/dags
[2024-12-10T11:26:08.113+0000] {manager.py:824} INFO - There are 0 files in /opt/airflow/dags
[2024-12-10T11:31:08.708+0000] {manager.py:821} INFO - Searching for files in /opt/airflow/dags
[2024-12-10T11:31:08.713+0000] {manager.py:824} INFO - There are 0 files in /opt/airflow/dags
[2024-12-10T11:36:09.639+0000] {manager.py:821} INFO - Searching for files in /opt/airflow/dags
[2024-12-10T11:36:09.648+0000] {manager.py:824} INFO - There are 0 files in /opt/airflow/dags
[2024-12-10T11:41:10.046+0000] {manager.py:821} INFO - Searching for files in /opt/airflow/dags
[2024-12-10T11:41:10.050+0000] {manager.py:824} INFO - There are 0 files in /opt/airflow/dags
[2024-12-10T11:46:10.426+0000] {manager.py:821} INFO - Searching for files in /opt/airflow/dags
[2024-12-10T11:46:10.440+0000] {manager.py:824} INFO - There are 0 files in /opt/airflow/dags
[2024-12-10T11:51:10.447+0000] {manager.py:821} INFO - Searching for files in /opt/airflow/dags
[2024-12-10T11:51:10.452+0000] {manager.py:824} INFO - There are 0 files in /opt/airflow/dags
[2024-12-10T11:56:10.642+0000] {manager.py:821} INFO - Searching for files in /opt/airflow/dags
[2024-12-10T11:56:10.652+0000] {manager.py:824} INFO - There are 0 files in /opt/airflow/dags
[2024-12-10T12:01:11.170+0000] {manager.py:821} INFO - Searching for files in /opt/airflow/dags
[2024-12-10T12:01:11.175+0000] {manager.py:824} INFO - There are 0 files in /opt/airflow/dags
[2024-12-10T12:06:11.554+0000] {manager.py:821} INFO - Searching for files in /opt/airflow/dags
[2024-12-10T12:06:11.567+0000] {manager.py:824} INFO - There are 0 files in /opt/airflow/dags
[2024-12-10T12:11:12.442+0000] {manager.py:821} INFO - Searching for files in /opt/airflow/dags
[2024-12-10T12:11:12.447+0000] {manager.py:824} INFO - There are 0 files in /opt/airflow/dags
[2024-12-10T12:16:12.523+0000] {manager.py:821} INFO - Searching for files in /opt/airflow/dags
[2024-12-10T12:16:12.533+0000] {manager.py:824} INFO - There are 0 files in /opt/airflow/dags
[2024-12-10T12:21:12.580+0000] {manager.py:821} INFO - Searching for files in /opt/airflow/dags
[2024-12-10T12:21:12.591+0000] {manager.py:824} INFO - There are 0 files in /opt/airflow/dags
[2024-12-10T12:26:13.221+0000] {manager.py:821} INFO - Searching for files in /opt/airflow/dags
[2024-12-10T12:26:13.231+0000] {manager.py:824} INFO - There are 0 files in /opt/airflow/dags
[2024-12-10T12:31:13.597+0000] {manager.py:821} INFO - Searching for files in /opt/airflow/dags
[2024-12-10T12:31:13.610+0000] {manager.py:824} INFO - There are 0 files in /opt/airflow/dags
[2024-12-10T12:36:13.989+0000] {manager.py:821} INFO - Searching for files in /opt/airflow/dags
[2024-12-10T12:36:13.996+0000] {manager.py:824} INFO - There are 0 files in /opt/airflow/dags
[2024-12-10T12:41:14.303+0000] {manager.py:821} INFO - Searching for files in /opt/airflow/dags
[2024-12-10T12:41:14.313+0000] {manager.py:824} INFO - There are 0 files in /opt/airflow/dags
[2024-12-10T12:46:15.003+0000] {manager.py:821} INFO - Searching for files in /opt/airflow/dags
[2024-12-10T12:46:15.011+0000] {manager.py:824} INFO - There are 0 files in /opt/airflow/dags
[2024-12-10T12:51:15.006+0000] {manager.py:821} INFO - Searching for files in /opt/airflow/dags
[2024-12-10T12:51:15.015+0000] {manager.py:824} INFO - There are 0 files in /opt/airflow/dags
