[2024-12-12T10:27:06.012+0000] {local_task_job_runner.py:123} INFO - ::group::Pre task execution logs
[2024-12-12T10:27:06.051+0000] {taskinstance.py:2603} INFO - Dependencies all met for dep_context=non-requeueable deps ti=<TaskInstance: summary_transaction.load_task manual__2024-12-12T10:26:44.349976+00:00 [queued]>
[2024-12-12T10:27:06.074+0000] {taskinstance.py:2603} INFO - Dependencies all met for dep_context=requeueable deps ti=<TaskInstance: summary_transaction.load_task manual__2024-12-12T10:26:44.349976+00:00 [queued]>
[2024-12-12T10:27:06.076+0000] {taskinstance.py:2856} INFO - Starting attempt 1 of 2
[2024-12-12T10:27:06.109+0000] {taskinstance.py:2879} INFO - Executing <Task(PythonOperator): load_task> on 2024-12-12 10:26:44.349976+00:00
[2024-12-12T10:27:06.130+0000] {logging_mixin.py:190} WARNING - /home/***/.local/lib/python3.12/site-packages/***/task/task_runner/standard_task_runner.py:70 DeprecationWarning: This process (pid=793) is multi-threaded, use of fork() may lead to deadlocks in the child.
[2024-12-12T10:27:06.129+0000] {standard_task_runner.py:104} INFO - Running: ['***', 'tasks', 'run', 'summary_transaction', 'load_task', 'manual__2024-12-12T10:26:44.349976+00:00', '--job-id', '9', '--raw', '--subdir', 'DAGS_FOLDER/summary_transaction.py', '--cfg-path', '/tmp/tmpt2ancrg3']
[2024-12-12T10:27:06.134+0000] {standard_task_runner.py:72} INFO - Started process 795 to run task
[2024-12-12T10:27:06.136+0000] {standard_task_runner.py:105} INFO - Job 9: Subtask load_task
[2024-12-12T10:27:06.227+0000] {task_command.py:467} INFO - Running <TaskInstance: summary_transaction.load_task manual__2024-12-12T10:26:44.349976+00:00 [running]> on host fd39b762d5e6
[2024-12-12T10:27:06.356+0000] {taskinstance.py:3122} INFO - Exporting env vars: AIRFLOW_CTX_DAG_OWNER='***' AIRFLOW_CTX_DAG_ID='summary_transaction' AIRFLOW_CTX_TASK_ID='load_task' AIRFLOW_CTX_EXECUTION_DATE='2024-12-12T10:26:44.349976+00:00' AIRFLOW_CTX_TRY_NUMBER='1' AIRFLOW_CTX_DAG_RUN_ID='manual__2024-12-12T10:26:44.349976+00:00'
[2024-12-12T10:27:06.360+0000] {taskinstance.py:731} INFO - ::endgroup::
[2024-12-12T10:27:06.450+0000] {logging_mixin.py:190} WARNING - /opt/***/dags/summary_transaction.py:31 FutureWarning: Passing literal json to 'read_json' is deprecated and will be removed in a future version. To read from a literal string, wrap it in a 'StringIO' object.
[2024-12-12T10:27:06.525+0000] {base.py:84} INFO - Retrieving connection 'dbwarehouse'
[2024-12-12T10:27:06.661+0000] {base.py:84} INFO - Retrieving connection 'dbwarehouse'
[2024-12-12T10:27:06.700+0000] {base.py:84} INFO - Retrieving connection 'dbwarehouse'
[2024-12-12T10:27:07.818+0000] {python.py:240} INFO - Done. Returned value was: None
[2024-12-12T10:27:07.834+0000] {taskinstance.py:340} INFO - ::group::Post task execution logs
[2024-12-12T10:27:07.835+0000] {taskinstance.py:352} INFO - Marking task as SUCCESS. dag_id=summary_transaction, task_id=load_task, run_id=manual__2024-12-12T10:26:44.349976+00:00, execution_date=20241212T102644, start_date=20241212T102706, end_date=20241212T102707
[2024-12-12T10:27:07.892+0000] {local_task_job_runner.py:261} INFO - Task exited with return code 0
[2024-12-12T10:27:07.932+0000] {taskinstance.py:3891} INFO - 0 downstream tasks scheduled from follow-on schedule check
[2024-12-12T10:27:07.940+0000] {local_task_job_runner.py:240} INFO - ::endgroup::
